[1, 16:44:08] show databases: Running...
[1, 16:44:08] show databases: Fetching...
[1, 16:44:08] show databases: 4 row(s) returned
[2, 16:49:20] CREATE TABLE substanceAbuse 
(AlcoholUseDisorder DOUBLE,
DrugUseDisorder DOUBLE,
Year INTEGER): Running...
[2, 16:49:20] CREATE TABLE substanceAbuse 
(AlcoholUseDisorder DOUBLE,
DrugUseDisorder DOUBLE,
Year INTEGER): Error Code: 1046. No database selected
Select the default DB to be used by double-clicking its name in the SCHEMAS list in the sidebar.
[3, 16:55:30] CREATE TABLE substanceAbuse 
(AlcoholUseDisorder DOUBLE,
DrugUseDisorder DOUBLE,
Year INTEGER): Running...
[3, 16:55:30] CREATE TABLE substanceAbuse 
(AlcoholUseDisorder DOUBLE,
DrugUseDisorder DOUBLE,
Year INTEGER): Error Code: 1046. No database selected
Select the default DB to be used by double-clicking its name in the SCHEMAS list in the sidebar.
[4, 16:57:46] CREATE TABLE substanceAbuse 
(countryCode CHAR(5),
AlcoholUseDisorder DOUBLE,
DrugUseDisorder DOUBLE,
Year INTEGER,
FOREIGN KEY (countryCode)
REFERENCES countries(countryCode),
PRIMARY KEY(countryCode, Year)
): Running...
[4, 16:57:46] CREATE TABLE substanceAbuse 
(countryCode CHAR(5),
AlcoholUseDisorder DOUBLE,
DrugUseDisorder DOUBLE,
Year INTEGER,
FOREIGN KEY (countryCode)
REFERENCES countries(countryCode),
PRIMARY KEY(countryCode, Year)
): Error Code: 1046. No database selected
Select the default DB to be used by double-clicking its name in the SCHEMAS list in the sidebar.
[1, 23:15:09] Apply changes to substance_abuse: Applying object changes ...
[1, 23:15:18] Applying changes to substance_abuse...: 
[1, 23:15:18] : Changes applied to substance_abuse
[1, 23:15:20] Apply changes to substance_abuse: Changes applied
[2, 23:18:15] CREATE TABLE substanceAbusePerCountry(
	countryCode CHAR(5),
    Year INT,
    prevalenceAlcoholUseDisorders_Percent DOUBLE,
    prevalenceDrugUseDisorders_Percent DOUBLE,
    FOREIGN KEY (countryCode)
    REFERENCES countries(countryCode),
    PRIMARY KEY (countryCode, Year)
): Running...
[2, 23:18:15] CREATE TABLE substanceAbusePerCountry(
	countryCode CHAR(5),
    Year INT,
    prevalenceAlcoholUseDisorders_Percent DOUBLE,
    prevalenceDrugUseDisorders_Percent DOUBLE,
    FOREIGN KEY (countryCode)
    REFERENCES countries(countryCode),
    PRIMARY KEY (countryCode, Year)
): Error Code: 1824. Failed to open the referenced table 'countries'
[3, 01:18:57] CREATE TABLE countries(

countryCode CHAR(5),
countryName CHAR(100)

): Running...
[3, 01:18:59] CREATE TABLE countries(

countryCode CHAR(5),
countryName CHAR(100)

): 0 row(s) affected
[4, 01:18:59] CREATE TABLE substanceAbusePerCountry(
	countryCode CHAR(5),
    Year INT,
    prevalenceAlcoholUseDisorders_Percent DOUBLE,
    prevalenceDrugUseDisorders_Percent DOUBLE,
    FOREIGN KEY (countryCode)
    REFERENCES countries(countryCode),
    PRIMARY KEY (countryCode, Year)
): Running...
[4, 01:18:59] CREATE TABLE substanceAbusePerCountry(
	countryCode CHAR(5),
    Year INT,
    prevalenceAlcoholUseDisorders_Percent DOUBLE,
    prevalenceDrugUseDisorders_Percent DOUBLE,
    FOREIGN KEY (countryCode)
    REFERENCES countries(countryCode),
    PRIMARY KEY (countryCode, Year)
): Error Code: 1822. Failed to add the foreign key constraint. Missing index for constraint 'substanceabusepercountry_ibfk_1' in the referenced table 'countries'
[5, 01:21:10] CREATE TABLE countries(

countryCode CHAR(5),
countryName CHAR(100)

): Running...
[5, 01:21:10] CREATE TABLE countries(

countryCode CHAR(5),
countryName CHAR(100)

): Error Code: 1050. Table 'countries' already exists
[6, 01:22:40] CREATE TABLE countries(

countryCode CHAR(5),
countryName CHAR(100)

): Running...
[6, 01:22:40] CREATE TABLE countries(

countryCode CHAR(5),
countryName CHAR(100)

): Error Code: 1050. Table 'countries' already exists
[7, 01:23:10] SHOW SESSION VARIABLES LIKE 'lower_case_table_names': Executing 
[7, 01:23:10] SHOW SESSION VARIABLES LIKE 'lower_case_table_names': OK
[8, 01:23:10] SHOW DATABASES: Executing 
[8, 01:23:10] SHOW DATABASES: OK
[9, 01:23:19] SHOW SESSION VARIABLES LIKE 'lower_case_table_names': Executing 
[9, 01:23:19] SHOW SESSION VARIABLES LIKE 'lower_case_table_names': OK
[10, 01:23:19] SHOW COLUMNS FROM `substance_abuse`.`countries`: Executing 
[10, 01:23:19] SHOW COLUMNS FROM `substance_abuse`.`countries`: OK
[11, 01:23:39] PREPARE stmt FROM 'INSERT INTO `substance_abuse`.`countries` (`countryName`,`countryCode`) VALUES(?,?)': Executing 
[11, 01:23:39] PREPARE stmt FROM 'INSERT INTO `substance_abuse`.`countries` (`countryName`,`countryCode`) VALUES(?,?)': OK
[12, 01:23:40] DEALLOCATE PREPARE stmt: Executing 
[12, 01:23:40] DEALLOCATE PREPARE stmt: OK
[13, 01:27:40] SELECT * FROM substance_abuse.countries
LIMIT 0, 1000
: Running...
[13, 01:27:40] SELECT * FROM substance_abuse.countries
LIMIT 0, 1000
: Fetching...
[13, 01:27:40] SELECT * FROM substance_abuse.countries
LIMIT 0, 1000
: 183 row(s) returned
[14, 01:28:20] SELECT * FROM substance_abuse.countries
LIMIT 0, 1000
: Running...
[14, 01:28:20] SELECT * FROM substance_abuse.countries
LIMIT 0, 1000
: Fetching...
[14, 01:28:20] SELECT * FROM substance_abuse.countries
LIMIT 0, 1000
: 183 row(s) returned
[15, 01:28:53] CREATE TABLE countries(

countryCode CHAR(5),
countryName CHAR(100)

): Running...
[15, 01:28:53] CREATE TABLE countries(

countryCode CHAR(5),
countryName CHAR(100)

): Error Code: 1050. Table 'countries' already exists
[16, 01:28:59] SELECT * FROM substance_abuse.countries: Running...
[16, 01:28:59] SELECT * FROM substance_abuse.countries: Fetching...
[16, 01:28:59] SELECT * FROM substance_abuse.countries: 183 row(s) returned
[17, 01:29:45] SELECT * FROM substance_abuse.countries: Running...
[17, 01:29:45] SELECT * FROM substance_abuse.countries: Fetching...
[17, 01:29:45] SELECT * FROM substance_abuse.countries: 183 row(s) returned
[18, 01:32:59] CREATE TABLE substanceAbusePerCountry(
	countryCode CHAR(5),
    Year INT,
    prevalenceAlcoholUseDisorder_Percent DOUBLE,
    prevalenceDrugUseDisorder_Percent DOUBLE,
    FOREIGN KEY (countryCode)
    REFERENCES countries(countryCode),
    PRIMARY KEY (countryCode, Year)
): Running...
[18, 01:32:59] CREATE TABLE substanceAbusePerCountry(
	countryCode CHAR(5),
    Year INT,
    prevalenceAlcoholUseDisorder_Percent DOUBLE,
    prevalenceDrugUseDisorder_Percent DOUBLE,
    FOREIGN KEY (countryCode)
    REFERENCES countries(countryCode),
    PRIMARY KEY (countryCode, Year)
): Error Code: 1822. Failed to add the foreign key constraint. Missing index for constraint 'substanceabusepercountry_ibfk_1' in the referenced table 'countries'
[19, 01:35:00] SELECT * FROM substance_abuse.countries: Running...
[19, 01:35:00] SELECT * FROM substance_abuse.countries: Fetching...
[19, 01:35:00] SELECT * FROM substance_abuse.countries: 183 row(s) returned
[20, 01:38:29] SELECT * FROM substance_abuse.countries: Running...
[20, 01:38:29] SELECT * FROM substance_abuse.countries: Fetching...
[20, 01:38:29] SELECT * FROM substance_abuse.countries: 183 row(s) returned
[21, 01:39:12] SELECT * FROM substance_abuse.countries: Running...
[21, 01:39:12] SELECT * FROM substance_abuse.countries: Fetching...
[21, 01:39:12] SELECT * FROM substance_abuse.countries: 183 row(s) returned
[22, 01:45:35] DROP TABLE `substance_abuse`.`countries`: Running...
[22, 01:45:35] DROP TABLE `substance_abuse`.`countries`: 0 row(s) affected
[23, 01:45:51] CREATE TABLE countries(
countryCode CHAR(5),
countryName CHAR(100)
PRIMARY KEY (countryCode)
): Running...
[23, 01:45:51] CREATE TABLE countries(
countryCode CHAR(5),
countryName CHAR(100)
PRIMARY KEY (countryCode)
): Error Code: 1064. You have an error in your SQL syntax; check the manual that corresponds to your MySQL server version for the right syntax to use near '(countryCode)
)' at line 4
[24, 01:47:30] CREATE TABLE countries(
countryCode CHAR(5),
countryName CHAR(100),
PRIMARY KEY (countryCode)
): Running...
[24, 01:47:30] CREATE TABLE countries(
countryCode CHAR(5),
countryName CHAR(100),
PRIMARY KEY (countryCode)
): 0 row(s) affected
[25, 01:47:43] SHOW SESSION VARIABLES LIKE 'lower_case_table_names': Executing 
[25, 01:47:43] SHOW SESSION VARIABLES LIKE 'lower_case_table_names': OK
[26, 01:47:43] SHOW DATABASES: Executing 
[26, 01:47:43] SHOW DATABASES: OK
[27, 01:47:48] SHOW SESSION VARIABLES LIKE 'lower_case_table_names': Executing 
[27, 01:47:48] SHOW SESSION VARIABLES LIKE 'lower_case_table_names': OK
[28, 01:47:48] SHOW COLUMNS FROM `substance_abuse`.`countries`: Executing 
[28, 01:47:48] SHOW COLUMNS FROM `substance_abuse`.`countries`: OK
[29, 01:47:53] PREPARE stmt FROM 'INSERT INTO `substance_abuse`.`countries` (`countryName`,`countryCode`) VALUES(?,?)': Executing 
[29, 01:47:53] PREPARE stmt FROM 'INSERT INTO `substance_abuse`.`countries` (`countryName`,`countryCode`) VALUES(?,?)': OK
[30, 01:47:54] DEALLOCATE PREPARE stmt: Executing 
[30, 01:47:54] DEALLOCATE PREPARE stmt: OK
[31, 01:48:04] CREATE TABLE substanceAbusePerCountry(
	countryCode CHAR(5),
    Year INTEGER,
    prevalenceAlcoholUseDisorder_Percent DOUBLE,
    prevalenceDrugUseDisorder_Percent DOUBLE,
    FOREIGN KEY (countryCode) REFERENCES countries(countryCode),
    PRIMARY KEY (countryCode, Year)
): Running...
[31, 01:48:05] CREATE TABLE substanceAbusePerCountry(
	countryCode CHAR(5),
    Year INTEGER,
    prevalenceAlcoholUseDisorder_Percent DOUBLE,
    prevalenceDrugUseDisorder_Percent DOUBLE,
    FOREIGN KEY (countryCode) REFERENCES countries(countryCode),
    PRIMARY KEY (countryCode, Year)
): 0 row(s) affected
[32, 01:48:23] SHOW SESSION VARIABLES LIKE 'lower_case_table_names': Executing 
[32, 01:48:23] SHOW SESSION VARIABLES LIKE 'lower_case_table_names': OK
[33, 01:48:23] SHOW DATABASES: Executing 
[33, 01:48:23] SHOW DATABASES: OK
[34, 01:48:27] SHOW SESSION VARIABLES LIKE 'lower_case_table_names': Executing 
[34, 01:48:27] SHOW SESSION VARIABLES LIKE 'lower_case_table_names': OK
[35, 01:48:27] SHOW COLUMNS FROM `substance_abuse`.`countries`: Executing 
[35, 01:48:27] SHOW COLUMNS FROM `substance_abuse`.`countries`: OK
[36, 01:49:24] SHOW SESSION VARIABLES LIKE 'lower_case_table_names': Executing 
[36, 01:49:24] SHOW SESSION VARIABLES LIKE 'lower_case_table_names': OK
[37, 01:49:24] SHOW COLUMNS FROM `substance_abuse`.`substanceabusepercountry`: Executing 
[37, 01:49:24] SHOW COLUMNS FROM `substance_abuse`.`substanceabusepercountry`: OK
[38, 01:50:47] PREPARE stmt FROM 'INSERT INTO `substance_abuse`.`substanceabusepercountry` (`countryCode`,`Year`,`prevalenceAlcoholUseDisorder_Percent`,`prevalenceDrugUseDisorder_Percent`) VALUES(?,?,?,?)': Executing 
[38, 01:50:47] PREPARE stmt FROM 'INSERT INTO `substance_abuse`.`substanceabusepercountry` (`countryCode`,`Year`,`prevalenceAlcoholUseDisorder_Percent`,`prevalenceDrugUseDisorder_Percent`) VALUES(?,?,?,?)': OK
[39, 01:51:10] DEALLOCATE PREPARE stmt: Executing 
[39, 01:51:10] DEALLOCATE PREPARE stmt: OK
[40, 01:52:56] SELECT * FROM substance_abuse.substanceabusepercountry: Running...
[40, 01:52:56] SELECT * FROM substance_abuse.substanceabusepercountry: Fetching...
[40, 01:52:56] SELECT * FROM substance_abuse.substanceabusepercountry: 5100 row(s) returned
[41, 02:25:40] DROP TABLE `substance_abuse`.`substanceabusepercountry`: Running...
[41, 02:25:40] DROP TABLE `substance_abuse`.`substanceabusepercountry`: 0 row(s) affected
[42, 02:25:45] CREATE TABLE substanceAbusePerCountry(
	countryCode CHAR(5),
    Year INTEGER,
    prevalenceAlcoholUseDisorder_Percent DOUBLE,
    prevalenceDrugUseDisorder_Percent DOUBLE,
    FOREIGN KEY (countryCode) REFERENCES countries(countryCode),
    PRIMARY KEY (countryCode, Year)
): Running...
[42, 02:25:45] CREATE TABLE substanceAbusePerCountry(
	countryCode CHAR(5),
    Year INTEGER,
    prevalenceAlcoholUseDisorder_Percent DOUBLE,
    prevalenceDrugUseDisorder_Percent DOUBLE,
    FOREIGN KEY (countryCode) REFERENCES countries(countryCode),
    PRIMARY KEY (countryCode, Year)
): 0 row(s) affected
[43, 02:26:09] SHOW SESSION VARIABLES LIKE 'lower_case_table_names': Executing 
[43, 02:26:09] SHOW SESSION VARIABLES LIKE 'lower_case_table_names': OK
[44, 02:26:09] SHOW DATABASES: Executing 
[44, 02:26:09] SHOW DATABASES: OK
[45, 02:26:17] SHOW SESSION VARIABLES LIKE 'lower_case_table_names': Executing 
[45, 02:26:17] SHOW SESSION VARIABLES LIKE 'lower_case_table_names': OK
[46, 02:26:18] SHOW COLUMNS FROM `substance_abuse`.`substanceabusepercountry`: Executing 
[46, 02:26:18] SHOW COLUMNS FROM `substance_abuse`.`substanceabusepercountry`: OK
[47, 02:26:29] PREPARE stmt FROM 'INSERT INTO `substance_abuse`.`substanceabusepercountry` (`countryCode`,`Year`,`prevalenceAlcoholUseDisorder_Percent`,`prevalenceDrugUseDisorder_Percent`) VALUES(?,?,?,?)': Executing 
[47, 02:26:29] PREPARE stmt FROM 'INSERT INTO `substance_abuse`.`substanceabusepercountry` (`countryCode`,`Year`,`prevalenceAlcoholUseDisorder_Percent`,`prevalenceDrugUseDisorder_Percent`) VALUES(?,?,?,?)': OK
[48, 02:26:48] DEALLOCATE PREPARE stmt: Executing 
[48, 02:26:48] DEALLOCATE PREPARE stmt: OK
[49, 02:26:59] SELECT * FROM substance_abuse.substanceabusepercountry: Running...
[49, 02:26:59] SELECT * FROM substance_abuse.substanceabusepercountry: Fetching...
[49, 02:26:59] SELECT * FROM substance_abuse.substanceabusepercountry: 5100 row(s) returned
