17:48:24 [ERR][      Workbench]: Console redirection failed.
17:48:24 [INF][      Workbench]: Starting up Workbench
17:48:24 [INF][      Workbench]: Current environment:
	Command line: "C:\Program Files\MySQL\MySQL Workbench 8.0\MySQLWorkbench.exe" 
	CurrentDirectory: C:\Program Files\MySQL\MySQL Workbench 8.0
	HasShutdownStarted: False
	OSVersion: Microsoft Windows NT 6.2.9200.0
	SystemDirectory: C:\Windows\system32
	TickCount: 24065921
	UserInteractive: True
	Version: 4.0.30319.42000
	WorkingSet: 42434560
17:48:24 [INF][      Workbench]: Environment variables:
	OneDriveConsumer = C:\Users\filza\OneDrive
	ProgramFiles(x86) = C:\Program Files (x86)
	ProgramW6432 = C:\Program Files
	PROCESSOR_IDENTIFIER = AMD64 Family 23 Model 96 Stepping 1, AuthenticAMD
	VBOX_MSI_INSTALL_PATH = C:\Program Files\Oracle\VirtualBox\
	TMP = C:\Users\filza\AppData\Local\Temp
	PROCESSOR_ARCHITECTURE = AMD64
	Path = C:\gurobi1000\win64\bin;C:\Program Files\Common Files\Oracle\Java\javapath;C:\Program Files (x86)\Common Files\Oracle\Java\javapath;C:\Windows\system32;C:\Windows;C:\Windows\System32\Wbem;C:\Windows\System32\WindowsPowerShell\v1.0\;C:\Windows\System32\OpenSSH\;C:\Program Files (x86)\NVIDIA Corporation\PhysX\Common;C:\Program Files\NVIDIA Corporation\NVIDIA NvDLISR;C:\Program Files\dotnet\;C:\Program Files (x86)\NoteBook FanControl\;C:\Program Files\Microsoft\Web Platform Installer\;C:\Program Files (x86)\Microsoft ASP.NET\ASP.NET Web Pages\v1.0\;C:\Program Files\Microsoft SQL Server\110\Tools\Binn\;C:\Program Files\Docker\Docker\resources\bin;C:\Users\filza\AppData\Local\Microsoft\WindowsApps;;D:\Users\filza\AppData\Local\Programs\Microsoft VS Code\bin
	GUROBI_HOME = C:\gurobi1000\win64
	PROCESSOR_REVISION = 6001
	TEMP = C:\Users\filza\AppData\Local\Temp
	VS110COMNTOOLS = D:\Program Files (x86)\Microsoft Visual Studio 2012\Common7\Tools\
	FPS_BROWSER_USER_PROFILE_STRING = Default
	LOGONSERVER = \\BOBSTER
	USERNAME = filza
	SystemRoot = C:\Windows
	OneDrive = C:\Users\filza\OneDrive
	FPS_BROWSER_APP_PROFILE_STRING = Internet Explorer
	CommonProgramFiles = C:\Program Files\Common Files
	ProgramData = C:\ProgramData
	HOMEPATH = \Users\filza
	COMPUTERNAME = BOBSTER
	CommonProgramFiles(x86) = C:\Program Files (x86)\Common Files
	ALLUSERSPROFILE = C:\ProgramData
	CommonProgramW6432 = C:\Program Files\Common Files
	SESSIONNAME = Console
	DriverData = C:\Windows\System32\Drivers\DriverData
	HOMEDRIVE = C:
	windir = C:\Windows
	SystemDrive = C:
	NUMBER_OF_PROCESSORS = 16
	OS = Windows_NT
	ProgramFiles = C:\Program Files
	ComSpec = C:\Windows\system32\cmd.exe
	PATHEXT = .COM;.EXE;.BAT;.CMD;.VBS;.VBE;.JS;.JSE;.WSF;.WSH;.MSC
	PSModulePath = C:\Program Files\WindowsPowerShell\Modules;C:\Windows\system32\WindowsPowerShell\v1.0\Modules
	APPDATA = C:\Users\filza\AppData\Roaming
	USERDOMAIN = BOBSTER
	PROCESSOR_LEVEL = 23
	USERPROFILE = C:\Users\filza
	LOCALAPPDATA = C:\Users\filza\AppData\Local
	USERDOMAIN_ROAMINGPROFILE = BOBSTER
	PUBLIC = C:\Users\Public
17:48:24 [INF][      Workbench]: Current version given by meta info is: 8.0.32
17:48:24 [INF][      Workbench]: Setting PATH to: C:\Windows\system32;C:\gurobi1000\win64\bin;C:\Program Files\Common Files\Oracle\Java\javapath;C:\Program Files (x86)\Common Files\Oracle\Java\javapath;C:\Windows\system32;C:\Windows;C:\Windows\System32\Wbem;C:\Windows\System32\WindowsPowerShell\v1.0\;C:\Windows\System32\OpenSSH\;C:\Program Files (x86)\NVIDIA Corporation\PhysX\Common;C:\Program Files\NVIDIA Corporation\NVIDIA NvDLISR;C:\Program Files\dotnet\;C:\Program Files (x86)\NoteBook FanControl\;C:\Program Files\Microsoft\Web Platform Installer\;C:\Program Files (x86)\Microsoft ASP.NET\ASP.NET Web Pages\v1.0\;C:\Program Files\Microsoft SQL Server\110\Tools\Binn\;C:\Program Files\Docker\Docker\resources\bin;C:\Users\filza\AppData\Local\Microsoft\WindowsApps;;D:\Users\filza\AppData\Local\Programs\Microsoft VS Code\bin
17:48:24 [INF][ mforms managed]: Initializing mforms wrapper
17:48:24 [INF][   WBContext UI]: Initializing workbench context UI with these values:
	base dir: C:\Program Files\MySQL\MySQL Workbench 8.0
	plugin path: C:\Program Files\MySQL\MySQL Workbench 8.0
	struct path: 
	module path: C:\Program Files\MySQL\MySQL Workbench 8.0/modules
	library path: C:\Program Files\MySQL\MySQL Workbench 8.0
	user data dir: C:\Users\filza\AppData\Roaming\MySQL\Workbench
	open at start: 
	open type: 
	run at startup: 
	run type: 
	Force SW rendering: No
	Force OpenGL: No
	quit when done: No
17:48:24 [INF][      WBContext]: WbContext::init
17:48:24 [INF][            WBA]: Looking for extension modules for WBA...
17:48:24 [INF][            WBA]: 0 extension modules found
17:48:24 [WRN][            grt]: Duplicate plugin name wb.tools.cmdlineClient	There is more than one plugin with the name wb.tools.cmdlineClient (in PyWbUtils and PyWbUtils).
17:48:24 [WRN][            grt]: C:\Users\filza\AppData\Roaming\MySQL\Workbench\connections.xml:15: link '{845866BC-3D57-4AC2-BD70-033E466A9626}' <object GrtObject> key=owner could not be resolved
17:48:24 [WRN][            grt]: Duplicate plugin name wb.tools.cmdlineClient	There is more than one plugin with the name wb.tools.cmdlineClient (in PyWbUtils and PyWbUtils).
17:48:24 [INF][      WBContext]: System info:
 	MySQL Workbench Community (GPL) for Windows version 8.0.32 CE build 2612062 (64 bit)
	Configuration Directory: C:\Users\filza\AppData\Roaming\MySQL\Workbench
	Data Directory: C:\Program Files\MySQL\MySQL Workbench 8.0
	Cairo Version: 1.17.6
	OS: Microsoft Windows 10 Home
	CPU: 16x AMD Ryzen 7 4800H with Radeon Graphics         , 15.4 GiB RAM
	Active video adapter NVIDIA GeForce RTX 2060
	Installed video RAM: -1 MB
	Current video mode: 1920 x 1080 x 4294967296 colors
	Used bit depth: 32
	Driver version: 31.0.15.3118
	Installed display drivers: C:\Windows\System32\DriverStore\FileRepository\nvlti.inf_amd64_b58fa54b9732141a\nvldumdx.dll,C:\Windows\System32\DriverStore\FileRepository\nvlti.inf_amd64_b58fa54b9732141a\nvldumdx.dll,C:\Windows\System32\DriverStore\FileRepository\nvlti.inf_amd64_b58fa54b9732141a\nvldumdx.dll,C:\Windows\System32\DriverStore\FileRepository\nvlti.inf_amd64_b58fa54b9732141a\nvldumdx.dll
	Current user language: English (United Arab Emirates)

17:48:24 [INF][      Workbench]: UI is up
17:48:25 [INF][      Workbench]: Running the application
17:48:47 [INF][SQL Editor Form]: Opened connection 'CS_306' to MySQL Community Server - GPL version 8.0.32
17:48:47 [INF][  column_widths]: Initializing column width cache for CS_306
17:48:48 [INF][        WQE.net]: Launching SQL IDE
17:48:48 [INF][        WQE.net]: SQL IDE UI is ready
17:53:23 [ERR][SQL Editor Form]: Error Code: 3730. Cannot drop table 'countries' referenced by a foreign key constraint 'substanceabusepercountry_ibfk_1' on table 'substanceabusepercountry'.
17:53:40 [INF][        WQE.net]: Shutting down SQL editor (CS_306)
17:53:41 [INF][SQL Editor Form]: Opened connection 'cs306 ' to MySQL Community Server - GPL version 8.0.32
17:53:42 [INF][        WQE.net]: Launching SQL IDE
17:53:44 [INF][        WQE.net]: SQL IDE UI is ready
17:54:13 [INF][        WQE.net]: Shutting down SQL editor (cs306 )
17:54:13 [INF][SQL Editor Form]: Opened connection 'cs306 ' to MySQL Community Server - GPL version 8.0.32
17:54:14 [INF][        WQE.net]: Launching SQL IDE
17:54:14 [INF][        WQE.net]: SQL IDE UI is ready
17:54:16 [INF][        WQE.net]: Shutting down SQL editor (cs306 )
17:54:23 [INF][SQL Editor Form]: Opened connection 'cs306 ' to MySQL Community Server - GPL version 8.0.32
17:54:24 [INF][        WQE.net]: Launching SQL IDE
17:54:24 [INF][        WQE.net]: SQL IDE UI is ready
17:56:07 [INF][         Wizard]: Execute 'Prepare Import'
17:56:07 [INF][         Wizard]: Starting thread for 'Import data file'
17:56:08 [ERR][sqlide_power_import_export_be.py:start_import:486]: Row import failed with error: ("Data too long for column 'countryCode' at row 1", 1406)Execute 'Prepare Import'
18:01:55 [INF][         Wizard]: Starting thread for 'Import data file'
