[23, 18:06:40] CREATE TABLE Countries (
    countryName CHAR(255),
    countryCode CHAR(5),
    PRIMARY KEY (countryCode)
): Running...
[23, 18:06:40] CREATE TABLE Countries (
    countryName CHAR(255),
    countryCode CHAR(5),
    PRIMARY KEY (countryCode)
): 0 row(s) affected
[24, 18:06:40] CREATE TABLE Deaths (
    countryName CHAR(255),
    countryCode CHAR(5),
    Year INT,
    cause CHAR(255),
    numberOfDeaths INT,
    FOREIGN KEY (countryName)
        REFERENCES Countries (countryName),
    FOREIGN KEY (countryCode)
        REFERENCES Countries (countryCode)
): Running...
[24, 18:06:40] CREATE TABLE Deaths (
    countryName CHAR(255),
    countryCode CHAR(5),
    Year INT,
    cause CHAR(255),
    numberOfDeaths INT,
    FOREIGN KEY (countryName)
        REFERENCES Countries (countryName),
    FOREIGN KEY (countryCode)
        REFERENCES Countries (countryCode)
): Error Code: 1822. Failed to add the foreign key constraint. Missing index for constraint 'deaths_ibfk_1' in the referenced table 'countries'
[1, 19:06:05] DROP TABLE `cs306project`.`countries`: Running...
[1, 19:06:05] DROP TABLE `cs306project`.`countries`: 0 row(s) affected
[2, 19:06:30] CREATE TABLE Countries (
    countryName CHAR(255),
    countryCode CHAR(5),
    PRIMARY KEY (countryCode)
): Running...
[2, 19:06:30] CREATE TABLE Countries (
    countryName CHAR(255),
    countryCode CHAR(5),
    PRIMARY KEY (countryCode)
): 0 row(s) affected
[3, 19:06:30] CREATE TABLE Deaths (
    countryName CHAR(255),
    countryCode CHAR(5),
    Year INT,
    cause CHAR(255),
    numberOfDeaths INT,
    FOREIGN KEY (countryName)
        REFERENCES Countries (countryName),
    FOREIGN KEY (countryCode)
        REFERENCES Countries (countryCode)
): Running...
[3, 19:06:30] CREATE TABLE Deaths (
    countryName CHAR(255),
    countryCode CHAR(5),
    Year INT,
    cause CHAR(255),
    numberOfDeaths INT,
    FOREIGN KEY (countryName)
        REFERENCES Countries (countryName),
    FOREIGN KEY (countryCode)
        REFERENCES Countries (countryCode)
): Error Code: 1822. Failed to add the foreign key constraint. Missing index for constraint 'deaths_ibfk_1' in the referenced table 'countries'
[4, 19:06:33] CREATE TABLE Countries (
    countryName CHAR(255),
    countryCode CHAR(5),
    PRIMARY KEY (countryCode)
): Running...
[4, 19:06:33] CREATE TABLE Countries (
    countryName CHAR(255),
    countryCode CHAR(5),
    PRIMARY KEY (countryCode)
): Error Code: 1050. Table 'countries' already exists
[5, 19:07:05] CREATE TABLE Deaths (
    countryName CHAR(255),
    countryCode CHAR(5),
    Year INT,
    cause CHAR(255),
    numberOfDeaths INT,
    FOREIGN KEY (countryName)
        REFERENCES Countries (countryName),
    FOREIGN KEY (countryCode)
        REFERENCES Countries (countryCode)
): Running...
[5, 19:07:05] CREATE TABLE Deaths (
    countryName CHAR(255),
    countryCode CHAR(5),
    Year INT,
    cause CHAR(255),
    numberOfDeaths INT,
    FOREIGN KEY (countryName)
        REFERENCES Countries (countryName),
    FOREIGN KEY (countryCode)
        REFERENCES Countries (countryCode)
): Error Code: 1822. Failed to add the foreign key constraint. Missing index for constraint 'deaths_ibfk_1' in the referenced table 'countries'
[6, 19:07:59] SELECT * FROM cs306project.countries
LIMIT 0, 1000
: Running...
[6, 19:07:59] SELECT * FROM cs306project.countries
LIMIT 0, 1000
: Fetching...
[6, 19:07:59] SELECT * FROM cs306project.countries
LIMIT 0, 1000
: 0 row(s) returned
[7, 19:08:13] SHOW SESSION VARIABLES LIKE 'lower_case_table_names': Executing 
[7, 19:08:13] SHOW SESSION VARIABLES LIKE 'lower_case_table_names': OK
[8, 19:08:13] SHOW DATABASES: Executing 
[8, 19:08:13] SHOW DATABASES: OK
[9, 19:08:14] SHOW SESSION VARIABLES LIKE 'lower_case_table_names': Executing 
[9, 19:08:14] SHOW SESSION VARIABLES LIKE 'lower_case_table_names': OK
[10, 19:08:14] SHOW COLUMNS FROM `cs306project`.`countries`: Executing 
[10, 19:08:14] SHOW COLUMNS FROM `cs306project`.`countries`: OK
[11, 19:08:16] PREPARE stmt FROM 'INSERT INTO `cs306project`.`countries` (`countryName`,`countryCode`) VALUES(?,?)': Executing 
[11, 19:08:16] PREPARE stmt FROM 'INSERT INTO `cs306project`.`countries` (`countryName`,`countryCode`) VALUES(?,?)': OK
[12, 19:08:17] DEALLOCATE PREPARE stmt: Executing 
[12, 19:08:17] DEALLOCATE PREPARE stmt: OK
[13, 19:08:24] SELECT * FROM cs306project.countries
LIMIT 0, 1000
: Running...
[13, 19:08:24] SELECT * FROM cs306project.countries
LIMIT 0, 1000
: Fetching...
[13, 19:08:24] SELECT * FROM cs306project.countries
LIMIT 0, 1000
: 183 row(s) returned
[14, 19:08:43] CREATE TABLE Deaths (
    countryName CHAR(255),
    countryCode CHAR(5),
    Year INT,
    cause CHAR(255),
    numberOfDeaths INT,
    FOREIGN KEY (countryName)
        REFERENCES Countries (countryName),
    FOREIGN KEY (countryCode)
        REFERENCES Countries (countryCode)
): Running...
[14, 19:08:43] CREATE TABLE Deaths (
    countryName CHAR(255),
    countryCode CHAR(5),
    Year INT,
    cause CHAR(255),
    numberOfDeaths INT,
    FOREIGN KEY (countryName)
        REFERENCES Countries (countryName),
    FOREIGN KEY (countryCode)
        REFERENCES Countries (countryCode)
): Error Code: 1822. Failed to add the foreign key constraint. Missing index for constraint 'deaths_ibfk_1' in the referenced table 'countries'
[15, 19:08:59] SELECT * FROM cs306project.countries
LIMIT 0, 1000
: Running...
[15, 19:08:59] SELECT * FROM cs306project.countries
LIMIT 0, 1000
: Fetching...
[15, 19:08:59] SELECT * FROM cs306project.countries
LIMIT 0, 1000
: 183 row(s) returned
[16, 19:09:48] CREATE TABLE Countries (
    countryName CHAR(255),
    countryCode CHAR(5),
    PRIMARY KEY (countryCode)
): Running...
[16, 19:09:48] CREATE TABLE Countries (
    countryName CHAR(255),
    countryCode CHAR(5),
    PRIMARY KEY (countryCode)
): Error Code: 1050. Table 'countries' already exists
[17, 19:09:59] CREATE TABLE Deaths (
    countryName CHAR(255),
    countryCode CHAR(5),
    Year INT,
    cause CHAR(255),
    numberOfDeaths INT,
    FOREIGN KEY (countryName)
        REFERENCES countries (countryName),
    FOREIGN KEY (countryCode)
        REFERENCES countries (countryCode)
): Running...
[17, 19:09:59] CREATE TABLE Deaths (
    countryName CHAR(255),
    countryCode CHAR(5),
    Year INT,
    cause CHAR(255),
    numberOfDeaths INT,
    FOREIGN KEY (countryName)
        REFERENCES countries (countryName),
    FOREIGN KEY (countryCode)
        REFERENCES countries (countryCode)
): Error Code: 1822. Failed to add the foreign key constraint. Missing index for constraint 'deaths_ibfk_1' in the referenced table 'countries'
[18, 19:10:11] SELECT * FROM cs306project.countries
LIMIT 0, 1000
: Running...
[18, 19:10:11] SELECT * FROM cs306project.countries
LIMIT 0, 1000
: Fetching...
[18, 19:10:11] SELECT * FROM cs306project.countries
LIMIT 0, 1000
: 183 row(s) returned
[19, 19:13:48] CREATE TABLE Deaths (
    countryName CHAR(255),
    countryCode CHAR(5),
    Year INT,
    cause CHAR(255),
    numberOfDeaths INT,
    FOREIGN KEY (countryName)
        REFERENCES countries (countryName),
    FOREIGN KEY (countryCode)
        REFERENCES countries (countryCode)
): Running...
[19, 19:13:48] CREATE TABLE Deaths (
    countryName CHAR(255),
    countryCode CHAR(5),
    Year INT,
    cause CHAR(255),
    numberOfDeaths INT,
    FOREIGN KEY (countryName)
        REFERENCES countries (countryName),
    FOREIGN KEY (countryCode)
        REFERENCES countries (countryCode)
): Error Code: 1822. Failed to add the foreign key constraint. Missing index for constraint 'deaths_ibfk_1' in the referenced table 'countries'
[20, 19:16:33] CREATE TABLE Deaths (
    countryCode CHAR(5),
    Year INT,
    cause CHAR(255),
    numberOfDeaths INT,
    FOREIGN KEY (countryCode)
        REFERENCES countries (countryCode)
): Running...
[20, 19:16:33] CREATE TABLE Deaths (
    countryCode CHAR(5),
    Year INT,
    cause CHAR(255),
    numberOfDeaths INT,
    FOREIGN KEY (countryCode)
        REFERENCES countries (countryCode)
): 0 row(s) affected
[21, 19:16:59] SHOW SESSION VARIABLES LIKE 'lower_case_table_names': Executing 
[21, 19:16:59] SHOW SESSION VARIABLES LIKE 'lower_case_table_names': OK
[22, 19:16:59] SHOW DATABASES: Executing 
[22, 19:16:59] SHOW DATABASES: OK
[23, 19:17:00] SHOW SESSION VARIABLES LIKE 'lower_case_table_names': Executing 
[23, 19:17:00] SHOW SESSION VARIABLES LIKE 'lower_case_table_names': OK
[24, 19:17:00] SHOW COLUMNS FROM `cs306project`.`deaths`: Executing 
[24, 19:17:00] SHOW COLUMNS FROM `cs306project`.`deaths`: OK
[25, 19:18:01] PREPARE stmt FROM 'INSERT INTO `cs306project`.`deaths` (`countryCode`,`Year`,`cause`,`numberOfDeaths`) VALUES(?,?,?,?)': Executing 
[25, 19:18:01] PREPARE stmt FROM 'INSERT INTO `cs306project`.`deaths` (`countryCode`,`Year`,`cause`,`numberOfDeaths`) VALUES(?,?,?,?)': OK
[26, 19:22:10] DEALLOCATE PREPARE stmt: Executing 
[26, 19:22:10] DEALLOCATE PREPARE stmt: OK
[27, 19:22:48] SELECT * FROM cs306project.deaths
LIMIT 0, 1000
: Running...
[27, 19:22:48] SELECT * FROM cs306project.deaths
LIMIT 0, 1000
: Fetching...
[27, 19:22:48] SELECT * FROM cs306project.deaths
LIMIT 0, 1000
: 1000 row(s) returned
[28, 19:23:24] DROP TABLE `cs306project`.`deaths`: Running...
[28, 19:23:24] DROP TABLE `cs306project`.`deaths`: 0 row(s) affected
[29, 19:23:34] CREATE TABLE Deaths (
    countryCode CHAR(5),
    Year INT,
    cause CHAR(255),
    numberOfDeaths INT,
    FOREIGN KEY (countryCode)
        REFERENCES countries (countryCode)
): Running...
[29, 19:23:34] CREATE TABLE Deaths (
    countryCode CHAR(5),
    Year INT,
    cause CHAR(255),
    numberOfDeaths INT,
    FOREIGN KEY (countryCode)
        REFERENCES countries (countryCode)
): 0 row(s) affected
[30, 19:23:41] SELECT * FROM cs306project.deaths
LIMIT 0, 1000
: Running...
[30, 19:23:41] SELECT * FROM cs306project.deaths
LIMIT 0, 1000
: Fetching...
[30, 19:23:41] SELECT * FROM cs306project.deaths
LIMIT 0, 1000
: 0 row(s) returned
[31, 19:23:48] SHOW SESSION VARIABLES LIKE 'lower_case_table_names': Executing 
[31, 19:23:48] SHOW SESSION VARIABLES LIKE 'lower_case_table_names': OK
[32, 19:23:48] SHOW DATABASES: Executing 
[32, 19:23:48] SHOW DATABASES: OK
[33, 19:23:49] SHOW SESSION VARIABLES LIKE 'lower_case_table_names': Executing 
[33, 19:23:49] SHOW SESSION VARIABLES LIKE 'lower_case_table_names': OK
[34, 19:23:49] SHOW COLUMNS FROM `cs306project`.`deaths`: Executing 
[34, 19:23:49] SHOW COLUMNS FROM `cs306project`.`deaths`: OK
[35, 19:24:13] PREPARE stmt FROM 'INSERT INTO `cs306project`.`deaths` (`countryCode`,`Year`,`cause`,`numberOfDeaths`) VALUES(?,?,?,?)': Executing 
[35, 19:24:13] PREPARE stmt FROM 'INSERT INTO `cs306project`.`deaths` (`countryCode`,`Year`,`cause`,`numberOfDeaths`) VALUES(?,?,?,?)': OK
[36, 05:14:35] SELECT * FROM cs306project.countries
LIMIT 0, 1000
: Running...
[36, 05:14:35] SELECT * FROM cs306project.countries
LIMIT 0, 1000
: Fetching...
[36, 05:14:35] SELECT * FROM cs306project.countries
LIMIT 0, 1000
: 183 row(s) returned
[37, 05:17:24] SELECT * FROM cs306project.deaths
LIMIT 0, 1000
: Running...
[37, 05:17:24] SELECT * FROM cs306project.deaths
LIMIT 0, 1000
: Fetching...
[37, 05:17:24] SELECT * FROM cs306project.deaths
LIMIT 0, 1000
: 1000 row(s) returned
[38, 05:20:06] SELECT * FROM cs306project.deaths
LIMIT 0, 1000
: Running...
[38, 05:20:06] SELECT * FROM cs306project.deaths
LIMIT 0, 1000
: Fetching...
[38, 05:20:06] SELECT * FROM cs306project.deaths
LIMIT 0, 1000
: 1000 row(s) returned
[39, 05:27:22] SELECT * FROM cs306project.deaths
LIMIT 0, 1000
: Running...
[39, 05:27:22] SELECT * FROM cs306project.deaths
LIMIT 0, 1000
: Fetching...
[39, 05:27:22] SELECT * FROM cs306project.deaths
LIMIT 0, 1000
: 1000 row(s) returned
[40, 05:29:06] SELECT * FROM cs306project.countries
LIMIT 0, 1000
: Running...
[40, 05:29:06] SELECT * FROM cs306project.countries
LIMIT 0, 1000
: Fetching...
[40, 05:29:06] SELECT * FROM cs306project.countries
LIMIT 0, 1000
: 183 row(s) returned
[41, 05:30:24] EXPLAIN SELECT * FROM cs306project.deaths: Executing 
[41, 05:30:24] EXPLAIN SELECT * FROM cs306project.deaths: OK
[42, 05:30:24] EXPLAIN FORMAT=JSON SELECT * FROM cs306project.deaths: Executing 
[42, 05:30:24] EXPLAIN FORMAT=JSON SELECT * FROM cs306project.deaths: OK
[43, 05:31:15] SELECT * FROM cs306project.deaths
LIMIT 0, 1000
: Running...
[43, 05:31:15] SELECT * FROM cs306project.deaths
LIMIT 0, 1000
: Fetching...
[43, 05:31:15] SELECT * FROM cs306project.deaths
LIMIT 0, 1000
: 1000 row(s) returned
[44, 10:40:53] SELECT * FROM cs306project.deaths
LIMIT 0, 1000
: Running...
[44, 10:40:53] SELECT * FROM cs306project.deaths
LIMIT 0, 1000
: Fetching...
[44, 10:40:53] SELECT * FROM cs306project.deaths
LIMIT 0, 1000
: 1000 row(s) returned
[45, 10:43:16] DEALLOCATE PREPARE stmt: Executing 
[45, 10:43:16] DEALLOCATE PREPARE stmt: OK
[46, 10:43:32] DROP TABLE `cs306project`.`deaths`: Running...
[46, 10:43:32] DROP TABLE `cs306project`.`deaths`: 0 row(s) affected
[47, 10:43:35] Reset recordset: Error Code: 1146
Table 'cs306project.deaths' doesn't exist
[48, 10:46:33] CREATE TABLE Deaths (
    countryCode CHAR(5),
    Year INT,
    cause CHAR(255),
    numberOfDeaths INT,
    FOREIGN KEY (countryCode)
        REFERENCES countries (countryCode), 
	Primary Key (countryCode, Year, cause)
): Running...
[48, 10:46:33] CREATE TABLE Deaths (
    countryCode CHAR(5),
    Year INT,
    cause CHAR(255),
    numberOfDeaths INT,
    FOREIGN KEY (countryCode)
        REFERENCES countries (countryCode), 
	Primary Key (countryCode, Year, cause)
): 0 row(s) affected
[49, 10:46:39] SELECT * FROM cs306project.deaths
LIMIT 0, 1000
: Running...
[49, 10:46:39] SELECT * FROM cs306project.deaths
LIMIT 0, 1000
: Fetching...
[49, 10:46:39] SELECT * FROM cs306project.deaths
LIMIT 0, 1000
: 0 row(s) returned
[1, 10:54:26] SHOW SESSION VARIABLES LIKE 'lower_case_table_names': Executing 
[1, 10:54:26] SHOW SESSION VARIABLES LIKE 'lower_case_table_names': OK
[2, 10:54:26] SHOW DATABASES: Executing 
[2, 10:54:26] SHOW DATABASES: OK
[3, 10:54:28] SHOW SESSION VARIABLES LIKE 'lower_case_table_names': Executing 
[3, 10:54:28] SHOW SESSION VARIABLES LIKE 'lower_case_table_names': OK
[4, 10:54:28] SHOW COLUMNS FROM `cs306project`.`deaths`: Executing 
[4, 10:54:28] SHOW COLUMNS FROM `cs306project`.`deaths`: OK
[5, 10:54:55] PREPARE stmt FROM 'INSERT INTO `cs306project`.`deaths` (`countryCode`,`Year`,`cause`,`numberOfDeaths`) VALUES(?,?,?,?)': Executing 
[5, 10:54:55] PREPARE stmt FROM 'INSERT INTO `cs306project`.`deaths` (`countryCode`,`Year`,`cause`,`numberOfDeaths`) VALUES(?,?,?,?)': OK
[6, 10:55:12] SELECT * FROM cs306project.deaths
LIMIT 0, 1000
: Running...
[6, 10:55:12] SELECT * FROM cs306project.deaths
LIMIT 0, 1000
: Fetching...
[6, 10:55:12] SELECT * FROM cs306project.deaths
LIMIT 0, 1000
: 1000 row(s) returned
[7, 10:58:58] SELECT * FROM cs306project.deaths
LIMIT 0, 1000
: Running...
[7, 10:58:58] SELECT * FROM cs306project.deaths
LIMIT 0, 1000
: Fetching...
[7, 10:58:58] SELECT * FROM cs306project.deaths
LIMIT 0, 1000
: 1000 row(s) returned
[8, 11:01:22] DEALLOCATE PREPARE stmt: Executing 
[8, 11:01:22] DEALLOCATE PREPARE stmt: OK
[9, 11:01:50] SET FOREIGN_KEY_CHECKS=0: Running...
[9, 11:01:50] SET FOREIGN_KEY_CHECKS=0: 0 row(s) affected
[10, 11:01:57] SHOW SESSION VARIABLES LIKE 'lower_case_table_names': Executing 
[10, 11:01:57] SHOW SESSION VARIABLES LIKE 'lower_case_table_names': OK
[11, 11:01:57] SHOW DATABASES: Executing 
[11, 11:01:57] SHOW DATABASES: OK
[12, 11:01:59] SHOW SESSION VARIABLES LIKE 'lower_case_table_names': Executing 
[12, 11:01:59] SHOW SESSION VARIABLES LIKE 'lower_case_table_names': OK
[13, 11:01:59] SHOW COLUMNS FROM `cs306project`.`deaths`: Executing 
[13, 11:01:59] SHOW COLUMNS FROM `cs306project`.`deaths`: OK
[14, 11:02:18] PREPARE stmt FROM 'INSERT INTO `cs306project`.`deaths` (`countryCode`,`Year`,`cause`,`numberOfDeaths`) VALUES(?,?,?,?)': Executing 
[14, 11:02:18] PREPARE stmt FROM 'INSERT INTO `cs306project`.`deaths` (`countryCode`,`Year`,`cause`,`numberOfDeaths`) VALUES(?,?,?,?)': OK
[15, 11:02:33] SELECT * FROM cs306project.deaths
LIMIT 0, 1000
: Running...
[15, 11:02:33] SELECT * FROM cs306project.deaths
LIMIT 0, 1000
: Fetching...
[15, 11:02:33] SELECT * FROM cs306project.deaths
LIMIT 0, 1000
: 1000 row(s) returned
[16, 11:03:35] Refresh Recordset: There are pending changes. Please commit or rollback first.
[17, 11:03:42] SELECT * FROM cs306project.deaths
LIMIT 0, 1000
: Running...
[17, 11:03:42] SELECT * FROM cs306project.deaths
LIMIT 0, 1000
: Fetching...
[17, 11:03:42] SELECT * FROM cs306project.deaths
LIMIT 0, 1000
: 1000 row(s) returned
[18, 11:04:02] SELECT * FROM cs306project.deaths
LIMIT 0, 1000
: Running...
[18, 11:04:02] SELECT * FROM cs306project.deaths
LIMIT 0, 1000
: Fetching...
[18, 11:04:02] SELECT * FROM cs306project.deaths
LIMIT 0, 1000
: 1000 row(s) returned
[19, 11:04:17] DEALLOCATE PREPARE stmt: Executing 
[19, 11:04:17] DEALLOCATE PREPARE stmt: OK
[20, 11:04:49] SELECT * FROM cs306project.deaths
LIMIT 0, 1000
: Running...
[20, 11:04:49] SELECT * FROM cs306project.deaths
LIMIT 0, 1000
: Fetching...
[20, 11:04:49] SELECT * FROM cs306project.deaths
LIMIT 0, 1000
: 1000 row(s) returned
[21, 11:07:01] Apply changes to deaths: Applying object changes ...
[21, 11:07:01] Apply changes to deaths: No changes detected
[22, 11:07:07] SELECT * FROM cs306project.deaths
LIMIT 0, 1000
: Running...
[22, 11:07:07] SELECT * FROM cs306project.deaths
LIMIT 0, 1000
: Fetching...
[22, 11:07:07] SELECT * FROM cs306project.deaths
LIMIT 0, 1000
: 1000 row(s) returned
[23, 11:07:30] SELECT * FROM cs306project.deaths
LIMIT 0, 1000
: Running...
[23, 11:07:30] SELECT * FROM cs306project.deaths
LIMIT 0, 1000
: Fetching...
[23, 11:07:30] SELECT * FROM cs306project.deaths
LIMIT 0, 1000
: 1000 row(s) returned
[24, 11:08:02] DROP TABLE `cs306project`.`deaths`: Running...
[24, 11:08:02] DROP TABLE `cs306project`.`deaths`: 0 row(s) affected
[25, 11:08:13] CREATE TABLE Deaths (
    countryCode CHAR(5),
    Year INT,
    cause CHAR(255),
    numberOfDeaths INT,
    FOREIGN KEY (countryCode)
        REFERENCES countries (countryCode), 
	Primary Key (countryCode, Year, cause)
): Running...
[25, 11:08:13] CREATE TABLE Deaths (
    countryCode CHAR(5),
    Year INT,
    cause CHAR(255),
    numberOfDeaths INT,
    FOREIGN KEY (countryCode)
        REFERENCES countries (countryCode), 
	Primary Key (countryCode, Year, cause)
): 0 row(s) affected
[26, 11:08:20] SELECT * FROM cs306project.deaths: Running...
[26, 11:08:20] SELECT * FROM cs306project.deaths: Fetching...
[26, 11:08:20] SELECT * FROM cs306project.deaths: 0 row(s) returned
[27, 11:08:28] SHOW SESSION VARIABLES LIKE 'lower_case_table_names': Executing 
[27, 11:08:28] SHOW SESSION VARIABLES LIKE 'lower_case_table_names': OK
[28, 11:08:28] SHOW DATABASES: Executing 
[28, 11:08:28] SHOW DATABASES: OK
[29, 11:08:29] SHOW SESSION VARIABLES LIKE 'lower_case_table_names': Executing 
[29, 11:08:29] SHOW SESSION VARIABLES LIKE 'lower_case_table_names': OK
[30, 11:08:29] SHOW COLUMNS FROM `cs306project`.`deaths`: Executing 
[30, 11:08:29] SHOW COLUMNS FROM `cs306project`.`deaths`: OK
[31, 11:08:40] PREPARE stmt FROM 'INSERT INTO `cs306project`.`deaths` (`countryCode`,`Year`,`cause`,`numberOfDeaths`) VALUES(?,?,?,?)': Executing 
[31, 11:08:40] PREPARE stmt FROM 'INSERT INTO `cs306project`.`deaths` (`countryCode`,`Year`,`cause`,`numberOfDeaths`) VALUES(?,?,?,?)': OK
[32, 11:08:57] SELECT * FROM cs306project.deaths: Running...
[32, 11:08:57] SELECT * FROM cs306project.deaths: Fetching...
[32, 11:08:57] SELECT * FROM cs306project.deaths: 30 row(s) returned
[33, 11:14:39] SELECT * FROM cs306project.deaths: Running...
[33, 11:14:39] SELECT * FROM cs306project.deaths: Fetching...
[33, 11:14:39] SELECT * FROM cs306project.deaths: 522 row(s) returned
[34, 11:14:51] SELECT * FROM cs306project.deaths: Running...
[34, 11:14:51] SELECT * FROM cs306project.deaths: Fetching...
[34, 11:14:51] SELECT * FROM cs306project.deaths: 540 row(s) returned
[35, 11:15:33] SELECT * FROM cs306project.deaths: Running...
[35, 11:15:33] SELECT * FROM cs306project.deaths: Fetching...
[35, 11:15:33] SELECT * FROM cs306project.deaths: 573 row(s) returned
[36, 11:17:23] SELECT * FROM cs306project.countries: Running...
[36, 11:17:23] SELECT * FROM cs306project.countries: Fetching...
[36, 11:17:23] SELECT * FROM cs306project.countries: 183 row(s) returned
[37, 11:17:38] SELECT * FROM cs306project.deaths: Running...
[37, 11:17:38] SELECT * FROM cs306project.deaths: Fetching...
[37, 11:17:38] SELECT * FROM cs306project.deaths: 757 row(s) returned
[38, 11:19:11] SELECT * FROM cs306project.deaths: Running...
[38, 11:19:11] SELECT * FROM cs306project.deaths: Fetching...
[38, 11:19:11] SELECT * FROM cs306project.deaths: 923 row(s) returned
[39, 11:22:23] SELECT * FROM cs306project.deaths: Running...
[39, 11:22:23] SELECT * FROM cs306project.deaths: Fetching...
[39, 11:22:23] SELECT * FROM cs306project.deaths: 1183 row(s) returned
[40, 11:26:06] SELECT * FROM cs306project.deaths: Running...
[40, 11:26:06] SELECT * FROM cs306project.deaths: Fetching...
[40, 11:26:06] SELECT * FROM cs306project.deaths: 1440 row(s) returned
[41, 11:27:07] SELECT * FROM cs306project.deaths: Running...
[41, 11:27:07] SELECT * FROM cs306project.deaths: Fetching...
[41, 11:27:07] SELECT * FROM cs306project.deaths: 1516 row(s) returned
[42, 11:49:55] SELECT * FROM cs306project.deaths: Running...
[42, 11:49:55] SELECT * FROM cs306project.deaths: Fetching...
[42, 11:49:55] SELECT * FROM cs306project.deaths: 3450 row(s) returned
[43, 12:26:06] SELECT * FROM cs306project.deaths: Running...
[43, 12:26:06] SELECT * FROM cs306project.deaths: Fetching...
[43, 12:26:06] SELECT * FROM cs306project.deaths: 6182 row(s) returned
[44, 14:55:07] SELECT * FROM cs306project.deaths: Running...
[44, 14:55:07] SELECT * FROM cs306project.deaths: Fetching...
[44, 14:55:07] SELECT * FROM cs306project.deaths: 17136 row(s) returned
[45, 14:59:07] SELECT * FROM cs306project.deaths: Running...
[45, 14:59:07] SELECT * FROM cs306project.deaths: Fetching...
[45, 14:59:07] SELECT * FROM cs306project.deaths: 17508 row(s) returned
[46, 15:27:19] SELECT * FROM cs306project.deaths: Running...
[46, 15:27:19] SELECT * FROM cs306project.deaths: Fetching...
[46, 15:27:19] SELECT * FROM cs306project.deaths: 19350 row(s) returned
[47, 16:01:46] SELECT * FROM cs306project.deaths: Running...
[47, 16:01:46] SELECT * FROM cs306project.deaths: Fetching...
[47, 16:01:46] SELECT * FROM cs306project.deaths: 21798 row(s) returned
[48, 16:28:16] SELECT * FROM cs306project.deaths: Running...
[48, 16:28:16] SELECT * FROM cs306project.deaths: Fetching...
[48, 16:28:16] SELECT * FROM cs306project.deaths: 23654 row(s) returned
[49, 17:49:42] SELECT * FROM cs306project.deaths: Running...
[49, 17:49:42] SELECT * FROM cs306project.deaths: Fetching...
[49, 17:49:42] SELECT * FROM cs306project.deaths: 28950 row(s) returned
[50, 01:16:16] SELECT * FROM cs306project.deaths: Running...
[50, 01:16:16] SELECT * FROM cs306project.deaths: Fetching...
[50, 01:16:17] SELECT * FROM cs306project.deaths: 57213 row(s) returned
[51, 02:22:24] SELECT * FROM cs306project.deaths: Running...
[51, 02:22:24] SELECT * FROM cs306project.deaths: Fetching...
[51, 02:22:24] SELECT * FROM cs306project.deaths: 60895 row(s) returned
[52, 02:27:34] SELECT * FROM cs306project.deaths: Running...
[52, 02:27:34] SELECT * FROM cs306project.deaths: Fetching...
[52, 02:27:34] SELECT * FROM cs306project.deaths: 61154 row(s) returned
[53, 04:37:52] SELECT * FROM cs306project.deaths: Running...
[53, 04:37:52] SELECT * FROM cs306project.deaths: Fetching...
[53, 04:37:52] SELECT * FROM cs306project.deaths: 68834 row(s) returned
[54, 04:57:15] SELECT * FROM cs306project.deaths: Running...
[54, 04:57:15] SELECT * FROM cs306project.deaths: Fetching...
[54, 04:57:15] SELECT * FROM cs306project.deaths: 69750 row(s) returned
[55, 05:06:39] SELECT * FROM cs306project.deaths: Running...
[55, 05:06:39] SELECT * FROM cs306project.deaths: Fetching...
[55, 05:06:39] SELECT * FROM cs306project.deaths: 70161 row(s) returned
[56, 05:32:16] SELECT * FROM cs306project.deaths: Running...
[56, 05:32:16] SELECT * FROM cs306project.deaths: Fetching...
[56, 05:32:16] SELECT * FROM cs306project.deaths: 71317 row(s) returned
[57, 14:02:51] SELECT * FROM cs306project.deaths: Running...
[57, 14:02:51] SELECT * FROM cs306project.deaths: Fetching...
[57, 14:02:51] SELECT * FROM cs306project.deaths: 96723 row(s) returned
[58, 14:07:41] SELECT * FROM cs306project.deaths: Running...
[58, 14:07:41] SELECT * FROM cs306project.deaths: Fetching...
[58, 14:07:41] SELECT * FROM cs306project.deaths: 96980 row(s) returned
[59, 14:30:01] SELECT * FROM cs306project.deaths: Running...
[59, 14:30:01] SELECT * FROM cs306project.deaths: Fetching...
[59, 14:30:01] SELECT * FROM cs306project.deaths: 98166 row(s) returned
[60, 14:31:46] DEALLOCATE PREPARE stmt: Executing 
[60, 14:31:46] DEALLOCATE PREPARE stmt: OK
[1, 14:39:20] SELECT * FROM cs306project.deaths
LIMIT 0, 1000
: Running...
[1, 14:39:20] SELECT * FROM cs306project.deaths
LIMIT 0, 1000
: Fetching...
[1, 14:39:20] SELECT * FROM cs306project.deaths
LIMIT 0, 1000
: 1000 row(s) returned
[2, 14:39:25] SELECT * FROM cs306project.deaths
LIMIT 0, 1000
: Running...
[2, 14:39:25] SELECT * FROM cs306project.deaths
LIMIT 0, 1000
: Fetching...
[2, 14:39:25] SELECT * FROM cs306project.deaths
LIMIT 0, 1000
: 1000 row(s) returned
[3, 14:39:36] DROP TABLE `cs306project`.`deaths`: Running...
[3, 14:39:36] DROP TABLE `cs306project`.`deaths`: 0 row(s) affected
[4, 14:39:45] CREATE TABLE Deaths (
    countryCode CHAR(5),
    Year INT,
    cause CHAR(255),
    numberOfDeaths INT,
    FOREIGN KEY (countryCode)
        REFERENCES countries (countryCode), 
	Primary Key (countryCode, Year, cause)
): Running...
[4, 14:39:45] CREATE TABLE Deaths (
    countryCode CHAR(5),
    Year INT,
    cause CHAR(255),
    numberOfDeaths INT,
    FOREIGN KEY (countryCode)
        REFERENCES countries (countryCode), 
	Primary Key (countryCode, Year, cause)
): 0 row(s) affected
[1, 14:58:25] SELECT * FROM cs306project.deaths
LIMIT 0, 1000
: Running...
[1, 14:58:25] SELECT * FROM cs306project.deaths
LIMIT 0, 1000
: Fetching...
[1, 14:58:25] SELECT * FROM cs306project.deaths
LIMIT 0, 1000
: 0 row(s) returned
[2, 14:59:03] SELECT * FROM cs306project.deaths
LIMIT 0, 1000
: Running...
[2, 14:59:03] SELECT * FROM cs306project.deaths
LIMIT 0, 1000
: Fetching...
[2, 14:59:03] SELECT * FROM cs306project.deaths
LIMIT 0, 1000
: 0 row(s) returned
[3, 14:59:26] SHOW SESSION VARIABLES LIKE 'lower_case_table_names': Executing 
[3, 14:59:26] SHOW SESSION VARIABLES LIKE 'lower_case_table_names': OK
[4, 14:59:26] SHOW DATABASES: Executing 
[4, 14:59:26] SHOW DATABASES: OK
[5, 14:59:27] SHOW SESSION VARIABLES LIKE 'lower_case_table_names': Executing 
[5, 14:59:27] SHOW SESSION VARIABLES LIKE 'lower_case_table_names': OK
[6, 14:59:27] SHOW COLUMNS FROM `cs306project`.`deaths`: Executing 
[6, 14:59:27] SHOW COLUMNS FROM `cs306project`.`deaths`: OK
[7, 14:59:38] PREPARE stmt FROM 'INSERT INTO `cs306project`.`deaths` (`countryCode`,`Year`,`cause`,`numberOfDeaths`) VALUES(?,?,?,?)': Executing 
[7, 14:59:38] PREPARE stmt FROM 'INSERT INTO `cs306project`.`deaths` (`countryCode`,`Year`,`cause`,`numberOfDeaths`) VALUES(?,?,?,?)': OK
[8, 15:03:07] SELECT * FROM cs306project.deaths
LIMIT 0, 1000
: Running...
[8, 15:03:07] SELECT * FROM cs306project.deaths
LIMIT 0, 1000
: Fetching...
[8, 15:03:07] SELECT * FROM cs306project.deaths
LIMIT 0, 1000
: 1000 row(s) returned
[9, 15:03:15] SELECT * FROM cs306project.deaths: Running...
[9, 15:03:15] SELECT * FROM cs306project.deaths: Fetching...
[9, 15:03:15] SELECT * FROM cs306project.deaths: 20339 row(s) returned
[10, 15:03:43] SELECT * FROM cs306project.deaths: Running...
[10, 15:03:43] SELECT * FROM cs306project.deaths: Fetching...
[10, 15:03:43] SELECT * FROM cs306project.deaths: 23104 row(s) returned
[11, 15:05:10] SELECT * FROM cs306project.deaths: Running...
[11, 15:05:10] SELECT * FROM cs306project.deaths: Fetching...
[11, 15:05:10] SELECT * FROM cs306project.deaths: 30242 row(s) returned
[12, 15:12:24] SELECT * FROM cs306project.deaths: Running...
[12, 15:12:24] SELECT * FROM cs306project.deaths: Fetching...
[12, 15:12:24] SELECT * FROM cs306project.deaths: 53959 row(s) returned
[13, 15:16:44] SELECT * FROM cs306project.deaths: Running...
[13, 15:16:44] SELECT * FROM cs306project.deaths: Fetching...
[13, 15:16:44] SELECT * FROM cs306project.deaths: 64188 row(s) returned
[14, 15:42:45] SELECT * FROM cs306project.deaths: Running...
[14, 15:42:45] SELECT * FROM cs306project.deaths: Fetching...
[14, 15:42:45] SELECT * FROM cs306project.deaths: 101852 row(s) returned
[15, 15:54:18] DEALLOCATE PREPARE stmt: Executing 
[15, 15:54:18] DEALLOCATE PREPARE stmt: OK
[16, 16:19:07] SELECT * FROM cs306project.deaths: Running...
[16, 16:19:07] SELECT * FROM cs306project.deaths: Fetching...
[16, 16:19:08] SELECT * FROM cs306project.deaths: 117300 row(s) returned
[17, 16:21:06] SELECT * FROM cs306project.countries: Running...
[17, 16:21:06] SELECT * FROM cs306project.countries: Fetching...
[17, 16:21:06] SELECT * FROM cs306project.countries: 183 row(s) returned
[18, 16:34:19] SELECT * FROM cs306project.deaths: Running...
[18, 16:34:19] SELECT * FROM cs306project.deaths: Fetching...
[18, 16:34:20] SELECT * FROM cs306project.deaths: 117300 row(s) returned
[1, 17:26:43] DROP TABLE `cs306project`.`countries`: Running...
[1, 17:26:43] DROP TABLE `cs306project`.`countries`: Error Code: 3730. Cannot drop table 'countries' referenced by a foreign key constraint 'deaths_ibfk_1' on table 'deaths'.
[2, 17:26:48] DROP TABLE `cs306project`.`deaths`: Running...
[2, 17:26:48] DROP TABLE `cs306project`.`deaths`: 0 row(s) affected
[3, 17:26:54] DROP TABLE `cs306project`.`countries`: Running...
[3, 17:26:54] DROP TABLE `cs306project`.`countries`: 0 row(s) affected
[4, 17:27:01] CREATE TABLE Countries (
    countryName CHAR(255),
    countryCode CHAR(5),
    PRIMARY KEY (countryCode)
): Running...
[4, 17:27:01] CREATE TABLE Countries (
    countryName CHAR(255),
    countryCode CHAR(5),
    PRIMARY KEY (countryCode)
): 0 row(s) affected
[5, 17:27:17] SHOW SESSION VARIABLES LIKE 'lower_case_table_names': Executing 
[5, 17:27:17] SHOW SESSION VARIABLES LIKE 'lower_case_table_names': OK
[6, 17:27:17] SHOW DATABASES: Executing 
[6, 17:27:17] SHOW DATABASES: OK
[7, 17:27:18] SHOW SESSION VARIABLES LIKE 'lower_case_table_names': Executing 
[7, 17:27:18] SHOW SESSION VARIABLES LIKE 'lower_case_table_names': OK
[8, 17:27:18] SHOW COLUMNS FROM `cs306project`.`countries`: Executing 
[8, 17:27:18] SHOW COLUMNS FROM `cs306project`.`countries`: OK
[9, 17:27:24] PREPARE stmt FROM 'INSERT INTO `cs306project`.`countries` (`countryName`,`countryCode`) VALUES(?,?)': Executing 
[9, 17:27:24] PREPARE stmt FROM 'INSERT INTO `cs306project`.`countries` (`countryName`,`countryCode`) VALUES(?,?)': OK
[10, 17:27:25] DEALLOCATE PREPARE stmt: Executing 
[10, 17:27:25] DEALLOCATE PREPARE stmt: OK
[11, 17:28:02] CREATE TABLE Deaths (
    countryCode CHAR(5),
    Year INT,
    cause CHAR(255),
    numberOfDeaths INT,
    FOREIGN KEY (countryCode)
        REFERENCES countries (countryCode), 
	Primary Key (countryCode, Year, cause)
): Running...
[11, 17:28:02] CREATE TABLE Deaths (
    countryCode CHAR(5),
    Year INT,
    cause CHAR(255),
    numberOfDeaths INT,
    FOREIGN KEY (countryCode)
        REFERENCES countries (countryCode), 
	Primary Key (countryCode, Year, cause)
): 0 row(s) affected
[12, 17:28:10] DROP TABLE `cs306project`.`deaths`: Running...
[12, 17:28:10] DROP TABLE `cs306project`.`deaths`: 0 row(s) affected
[1, 17:29:08] CREATE TABLE Deaths (
    countryCode CHAR(5),
    Year INT,
    cause CHAR(255),
    numberOfDeaths INT,
    FOREIGN KEY (countryCode)
        REFERENCES countries (countryCode)
        ON DELETE CASCADE,
    PRIMARY KEY (countryCode , Year , cause)
): Running...
[1, 17:29:08] CREATE TABLE Deaths (
    countryCode CHAR(5),
    Year INT,
    cause CHAR(255),
    numberOfDeaths INT,
    FOREIGN KEY (countryCode)
        REFERENCES countries (countryCode)
        ON DELETE CASCADE,
    PRIMARY KEY (countryCode , Year , cause)
): 0 row(s) affected
[2, 17:29:14] SELECT * FROM cs306project.deaths: Running...
[2, 17:29:14] SELECT * FROM cs306project.deaths: Fetching...
[2, 17:29:14] SELECT * FROM cs306project.deaths: 0 row(s) returned
[3, 17:29:26] SHOW SESSION VARIABLES LIKE 'lower_case_table_names': Executing 
[3, 17:29:26] SHOW SESSION VARIABLES LIKE 'lower_case_table_names': OK
[4, 17:29:26] SHOW DATABASES: Executing 
[4, 17:29:26] SHOW DATABASES: OK
[5, 17:29:27] SHOW SESSION VARIABLES LIKE 'lower_case_table_names': Executing 
[5, 17:29:27] SHOW SESSION VARIABLES LIKE 'lower_case_table_names': OK
[6, 17:29:27] SHOW COLUMNS FROM `cs306project`.`deaths`: Executing 
[6, 17:29:27] SHOW COLUMNS FROM `cs306project`.`deaths`: OK
[7, 17:29:41] PREPARE stmt FROM 'INSERT INTO `cs306project`.`deaths` (`countryCode`,`Year`,`cause`,`numberOfDeaths`) VALUES(?,?,?,?)': Executing 
[7, 17:29:41] PREPARE stmt FROM 'INSERT INTO `cs306project`.`deaths` (`countryCode`,`Year`,`cause`,`numberOfDeaths`) VALUES(?,?,?,?)': OK
[8, 17:30:40] DEALLOCATE PREPARE stmt: Executing 
[8, 17:30:40] DEALLOCATE PREPARE stmt: OK
[9, 17:30:46] SELECT * FROM cs306project.deaths: Running...
[9, 17:30:46] SELECT * FROM cs306project.deaths: Fetching...
[9, 17:30:46] SELECT * FROM cs306project.deaths: 11283 row(s) returned
[10, 17:31:02] DROP TABLE `cs306project`.`deaths`: Running...
[10, 17:31:02] DROP TABLE `cs306project`.`deaths`: 0 row(s) affected
[11, 17:31:05] CREATE TABLE Deaths (
    countryCode CHAR(5),
    Year INT,
    cause CHAR(255),
    numberOfDeaths INT,
    FOREIGN KEY (countryCode)
        REFERENCES countries (countryCode)
        ON DELETE CASCADE,
    PRIMARY KEY (countryCode , Year , cause)
): Running...
[11, 17:31:05] CREATE TABLE Deaths (
    countryCode CHAR(5),
    Year INT,
    cause CHAR(255),
    numberOfDeaths INT,
    FOREIGN KEY (countryCode)
        REFERENCES countries (countryCode)
        ON DELETE CASCADE,
    PRIMARY KEY (countryCode , Year , cause)
): 0 row(s) affected
[12, 17:31:05] SET FOREIGN_KEY_CHECKS=0: Running...
[12, 17:31:05] SET FOREIGN_KEY_CHECKS=0: 0 row(s) affected
[13, 17:31:17] SHOW SESSION VARIABLES LIKE 'lower_case_table_names': Executing 
[13, 17:31:17] SHOW SESSION VARIABLES LIKE 'lower_case_table_names': OK
[14, 17:31:17] SHOW DATABASES: Executing 
[14, 17:31:17] SHOW DATABASES: OK
[15, 17:31:18] SHOW SESSION VARIABLES LIKE 'lower_case_table_names': Executing 
[15, 17:31:18] SHOW SESSION VARIABLES LIKE 'lower_case_table_names': OK
[16, 17:31:18] SHOW COLUMNS FROM `cs306project`.`deaths`: Executing 
[16, 17:31:18] SHOW COLUMNS FROM `cs306project`.`deaths`: OK
[17, 17:31:30] PREPARE stmt FROM 'INSERT INTO `cs306project`.`deaths` (`countryCode`,`Year`,`cause`,`numberOfDeaths`) VALUES(?,?,?,?)': Executing 
[17, 17:31:30] PREPARE stmt FROM 'INSERT INTO `cs306project`.`deaths` (`countryCode`,`Year`,`cause`,`numberOfDeaths`) VALUES(?,?,?,?)': OK
[18, 17:33:08] SELECT * FROM cs306project.deaths: Running...
[18, 17:33:08] SELECT * FROM cs306project.deaths: Fetching...
[18, 17:33:08] SELECT * FROM cs306project.deaths: 177 row(s) returned
[19, 17:33:17] SELECT * FROM cs306project.deaths: Running...
[19, 17:33:17] SELECT * FROM cs306project.deaths: Fetching...
[19, 17:33:17] SELECT * FROM cs306project.deaths: 195 row(s) returned
[20, 17:34:43] SELECT * FROM cs306project.deaths: Running...
[20, 17:34:43] SELECT * FROM cs306project.deaths: Fetching...
[20, 17:34:43] SELECT * FROM cs306project.deaths: 352 row(s) returned
[21, 17:35:34] SELECT * FROM cs306project.deaths: Running...
[21, 17:35:34] SELECT * FROM cs306project.deaths: Fetching...
[21, 17:35:34] SELECT * FROM cs306project.deaths: 1925 row(s) returned
[22, 17:37:38] SELECT * FROM cs306project.deaths: Running...
[22, 17:37:38] SELECT * FROM cs306project.deaths: Fetching...
[22, 17:37:38] SELECT * FROM cs306project.deaths: 2149 row(s) returned
[23, 17:39:35] SELECT * FROM cs306project.deaths: Running...
[23, 17:39:35] SELECT * FROM cs306project.deaths: Fetching...
[23, 17:39:35] SELECT * FROM cs306project.deaths: 2360 row(s) returned
[24, 17:40:39] SELECT * FROM cs306project.deaths: Running...
[24, 17:40:39] SELECT * FROM cs306project.deaths: Fetching...
[24, 17:40:39] SELECT * FROM cs306project.deaths: 2459 row(s) returned
[25, 17:42:15] SELECT * FROM cs306project.deaths: Running...
[25, 17:42:15] SELECT * FROM cs306project.deaths: Fetching...
[25, 17:42:15] SELECT * FROM cs306project.deaths: 2633 row(s) returned
[26, 17:45:19] SELECT * FROM cs306project.deaths: Running...
[26, 17:45:19] SELECT * FROM cs306project.deaths: Fetching...
[26, 17:45:19] SELECT * FROM cs306project.deaths: 2934 row(s) returned
[27, 17:53:46] SELECT * FROM cs306project.deaths: Running...
[27, 17:53:46] SELECT * FROM cs306project.deaths: Fetching...
[27, 17:53:46] SELECT * FROM cs306project.deaths: 3838 row(s) returned
[28, 18:02:38] SELECT * FROM cs306project.deaths: Running...
[28, 18:02:38] SELECT * FROM cs306project.deaths: Fetching...
[28, 18:02:38] SELECT * FROM cs306project.deaths: 4740 row(s) returned
[29, 21:02:53] SELECT * FROM cs306project.deaths: Running...
[29, 21:02:53] SELECT * FROM cs306project.deaths: Fetching...
[29, 21:02:54] SELECT * FROM cs306project.deaths: 23317 row(s) returned
[30, 21:13:30] SELECT * FROM cs306project.deaths: Running...
[30, 21:13:30] SELECT * FROM cs306project.deaths: Fetching...
[30, 21:13:30] SELECT * FROM cs306project.deaths: 24390 row(s) returned
[31, 21:13:30] SELECT * FROM cs306project.deaths: Running...
[31, 21:13:30] SELECT * FROM cs306project.deaths: Fetching...
[31, 21:13:30] SELECT * FROM cs306project.deaths: 24390 row(s) returned
[32, 21:14:53] DEALLOCATE PREPARE stmt: Executing 
[32, 21:14:53] DEALLOCATE PREPARE stmt: OK
[33, 21:15:05] DROP TABLE `cs306project`.`deaths`: Running...
[33, 21:15:05] DROP TABLE `cs306project`.`deaths`: 0 row(s) affected
[34, 21:19:11] CREATE TABLE Deaths (
    countryCode CHAR(5),
    Year INT,
    cause CHAR(255),
    numberOfDeaths INT,
    FOREIGN KEY (countryCode)
        REFERENCES countries (countryCode)
        ON DELETE CASCADE,
    PRIMARY KEY (countryCode , Year , cause)
): Running...
[34, 21:19:11] CREATE TABLE Deaths (
    countryCode CHAR(5),
    Year INT,
    cause CHAR(255),
    numberOfDeaths INT,
    FOREIGN KEY (countryCode)
        REFERENCES countries (countryCode)
        ON DELETE CASCADE,
    PRIMARY KEY (countryCode , Year , cause)
): 0 row(s) affected
[35, 21:19:17] SELECT * FROM cs306project.deaths: Running...
[35, 21:19:17] SELECT * FROM cs306project.deaths: Fetching...
[35, 21:19:17] SELECT * FROM cs306project.deaths: 0 row(s) returned
[36, 21:19:28] SHOW SESSION VARIABLES LIKE 'lower_case_table_names': Executing 
[36, 21:19:28] SHOW SESSION VARIABLES LIKE 'lower_case_table_names': OK
[37, 21:19:28] SHOW DATABASES: Executing 
[37, 21:19:28] SHOW DATABASES: OK
[38, 21:19:29] SHOW SESSION VARIABLES LIKE 'lower_case_table_names': Executing 
[38, 21:19:29] SHOW SESSION VARIABLES LIKE 'lower_case_table_names': OK
[39, 21:19:29] SHOW COLUMNS FROM `cs306project`.`deaths`: Executing 
[39, 21:19:29] SHOW COLUMNS FROM `cs306project`.`deaths`: OK
[40, 21:20:37] PREPARE stmt FROM 'INSERT INTO `cs306project`.`deaths` (`countryCode`,`Year`,`cause`,`numberOfDeaths`) VALUES(?,?,?,?)': Executing 
[40, 21:20:37] PREPARE stmt FROM 'INSERT INTO `cs306project`.`deaths` (`countryCode`,`Year`,`cause`,`numberOfDeaths`) VALUES(?,?,?,?)': OK
[41, 21:20:51] SELECT * FROM cs306project.deaths: Running...
[41, 21:20:51] SELECT * FROM cs306project.deaths: Fetching...
[41, 21:20:51] SELECT * FROM cs306project.deaths: 24 row(s) returned
[42, 21:21:32] SELECT * FROM cs306project.deaths: Running...
[42, 21:21:32] SELECT * FROM cs306project.deaths: Fetching...
[42, 21:21:32] SELECT * FROM cs306project.deaths: 99 row(s) returned
[43, 21:22:25] SELECT * FROM cs306project.deaths: Running...
[43, 21:22:25] SELECT * FROM cs306project.deaths: Fetching...
[43, 21:22:25] SELECT * FROM cs306project.deaths: 196 row(s) returned
[44, 21:22:41] SELECT * FROM cs306project.deaths: Running...
[44, 21:22:41] SELECT * FROM cs306project.deaths: Fetching...
[44, 21:22:41] SELECT * FROM cs306project.deaths: 224 row(s) returned
[45, 21:22:42] SELECT * FROM cs306project.deaths: Running...
[45, 21:22:42] SELECT * FROM cs306project.deaths: Fetching...
[45, 21:22:42] SELECT * FROM cs306project.deaths: 226 row(s) returned
[46, 21:22:53] DEALLOCATE PREPARE stmt: Executing 
[46, 21:22:53] DEALLOCATE PREPARE stmt: OK
[1, 21:27:42] SELECT * FROM cs306project.deaths: Running...
[1, 21:27:42] SELECT * FROM cs306project.deaths: Fetching...
[1, 21:27:42] SELECT * FROM cs306project.deaths: 245 row(s) returned
[2, 21:27:47] DROP TABLE `cs306project`.`deaths`: Running...
[2, 21:27:47] DROP TABLE `cs306project`.`deaths`: 0 row(s) affected
[3, 21:32:13] CREATE TABLE Deaths (
    countryCode CHAR(5),
    Year INT,
    cause CHAR(255),
    numberOfDeaths INT,
    FOREIGN KEY (countryCode)
        REFERENCES countries (countryCode)
        ON DELETE CASCADE,
    PRIMARY KEY (countryCode , Year , cause)
): Running...
[3, 21:32:13] CREATE TABLE Deaths (
    countryCode CHAR(5),
    Year INT,
    cause CHAR(255),
    numberOfDeaths INT,
    FOREIGN KEY (countryCode)
        REFERENCES countries (countryCode)
        ON DELETE CASCADE,
    PRIMARY KEY (countryCode , Year , cause)
): 0 row(s) affected
[4, 21:32:13] SET FOREIGN_KEY_CHECKS=0: Running...
[4, 21:32:13] SET FOREIGN_KEY_CHECKS=0: 0 row(s) affected
[5, 21:32:26] SHOW SESSION VARIABLES LIKE 'lower_case_table_names': Executing 
[5, 21:32:26] SHOW SESSION VARIABLES LIKE 'lower_case_table_names': OK
[6, 21:32:26] SHOW DATABASES: Executing 
[6, 21:32:26] SHOW DATABASES: OK
[7, 21:32:27] SHOW SESSION VARIABLES LIKE 'lower_case_table_names': Executing 
[7, 21:32:27] SHOW SESSION VARIABLES LIKE 'lower_case_table_names': OK
[8, 21:32:27] SHOW COLUMNS FROM `cs306project`.`deaths`: Executing 
[8, 21:32:27] SHOW COLUMNS FROM `cs306project`.`deaths`: OK
[9, 21:32:37] PREPARE stmt FROM 'INSERT INTO `cs306project`.`deaths` (`countryCode`,`Year`,`cause`,`numberOfDeaths`) VALUES(?,?,?,?)': Executing 
[9, 21:32:37] PREPARE stmt FROM 'INSERT INTO `cs306project`.`deaths` (`countryCode`,`Year`,`cause`,`numberOfDeaths`) VALUES(?,?,?,?)': OK
[10, 21:33:09] SELECT * FROM cs306project.deaths: Running...
[10, 21:33:09] SELECT * FROM cs306project.deaths: Fetching...
[10, 21:33:09] SELECT * FROM cs306project.deaths: 7226 row(s) returned
[11, 21:34:12] SELECT * FROM cs306project.deaths: Running...
[11, 21:34:12] SELECT * FROM cs306project.deaths: Fetching...
[11, 21:34:12] SELECT * FROM cs306project.deaths: 16697 row(s) returned
[12, 21:43:46] SELECT * FROM cs306project.deaths: Running...
[12, 21:43:46] SELECT * FROM cs306project.deaths: Fetching...
[12, 21:43:46] SELECT * FROM cs306project.deaths: 69405 row(s) returned
[13, 22:06:39] SELECT * FROM cs306project.deaths: Running...
[13, 22:06:39] SELECT * FROM cs306project.deaths: Fetching...
[13, 22:06:40] SELECT * FROM cs306project.deaths: 119549 row(s) returned
[14, 22:17:34] DEALLOCATE PREPARE stmt: Executing 
[14, 22:17:34] DEALLOCATE PREPARE stmt: OK
[15, 22:22:54] SELECT * FROM cs306project.deaths: Running...
[15, 22:22:54] SELECT * FROM cs306project.deaths: Fetching...
[15, 22:22:54] SELECT * FROM cs306project.deaths: 140760 row(s) returned
[1, 00:43:33] SELECT * FROM cs306project.countries: Running...
[1, 00:43:33] SELECT * FROM cs306project.countries: Fetching...
[1, 00:43:33] SELECT * FROM cs306project.countries: 249 row(s) returned
