14:39:14 [ERR][      Workbench]: Console redirection failed.
14:39:14 [INF][      Workbench]: Starting up Workbench
14:39:14 [INF][      Workbench]: Current environment:
	Command line: "C:\Program Files\MySQL\MySQL Workbench 8.0\MySQLWorkbench.exe" 
	CurrentDirectory: C:\Program Files\MySQL\MySQL Workbench 8.0
	HasShutdownStarted: False
	OSVersion: Microsoft Windows NT 6.2.9200.0
	SystemDirectory: C:\WINDOWS\system32
	TickCount: 799637812
	UserInteractive: True
	Version: 4.0.30319.42000
	WorkingSet: 43249664
14:39:14 [INF][      Workbench]: Environment variables:
	COMPUTERNAME = TAMTAM
	USERPROFILE = C:\Users\tamta
	HOMEPATH = \Users\tamta
	LOCALAPPDATA = C:\Users\tamta\AppData\Local
	PSModulePath = C:\Program Files\WindowsPowerShell\Modules;C:\WINDOWS\system32\WindowsPowerShell\v1.0\Modules
	PROCESSOR_ARCHITECTURE = AMD64
	Path = C:\Windows\system32;C:\Windows;C:\Windows\System32\Wbem;C:\Windows\System32\WindowsPowerShell\v1.0\;C:\Windows\System32\OpenSSH\;C:\Program Files (x86)\NVIDIA Corporation\PhysX\Common;C:\Program Files\NVIDIA Corporation\NVIDIA NvDLISR;C:\WINDOWS\system32;C:\WINDOWS;C:\WINDOWS\System32\Wbem;C:\WINDOWS\System32\WindowsPowerShell\v1.0\;C:\WINDOWS\System32\OpenSSH\;C:\Program Files\Git\cmd;C:\Users\tamta\AppData\Local\Microsoft\WindowsApps;;C:\Users\tamta\AppData\Local\Programs\Microsoft VS Code\bin
	CommonProgramFiles(x86) = C:\Program Files (x86)\Common Files
	ProgramFiles(x86) = C:\Program Files (x86)
	PROCESSOR_LEVEL = 25
	LOGONSERVER = \\TAMTAM
	PATHEXT = .COM;.EXE;.BAT;.CMD;.VBS;.VBE;.JS;.JSE;.WSF;.WSH;.MSC
	HOMEDRIVE = C:
	VBOX_MSI_INSTALL_PATH = C:\Program Files\Oracle\VirtualBox\
	SystemRoot = C:\WINDOWS
	EFC_12552 = 1
	SESSIONNAME = Console
	ALLUSERSPROFILE = C:\ProgramData
	DriverData = C:\Windows\System32\Drivers\DriverData
	APPDATA = C:\Users\tamta\AppData\Roaming
	PROCESSOR_REVISION = 5000
	USERNAME = tamta
	CommonProgramW6432 = C:\Program Files\Common Files
	OneDrive = C:\Users\tamta\OneDrive
	CommonProgramFiles = C:\Program Files\Common Files
	OS = Windows_NT
	USERDOMAIN_ROAMINGPROFILE = TAMTAM
	PROCESSOR_IDENTIFIER = AMD64 Family 25 Model 80 Stepping 0, AuthenticAMD
	OneDriveConsumer = C:\Users\tamta\OneDrive
	SystemDrive = C:
	TEMP = C:\Users\tamta\AppData\Local\Temp
	ProgramFiles = C:\Program Files
	NUMBER_OF_PROCESSORS = 16
	ComSpec = C:\WINDOWS\system32\cmd.exe
	TMP = C:\Users\tamta\AppData\Local\Temp
	ProgramData = C:\ProgramData
	ProgramW6432 = C:\Program Files
	windir = C:\WINDOWS
	USERDOMAIN = TAMTAM
	PUBLIC = C:\Users\Public
	OMP_WAIT_POLICY = PASSIVE
14:39:14 [INF][      Workbench]: Current version given by meta info is: 8.0.32
14:39:14 [INF][      Workbench]: Setting PATH to: C:\WINDOWS\system32;C:\Windows\system32;C:\Windows;C:\Windows\System32\Wbem;C:\Windows\System32\WindowsPowerShell\v1.0\;C:\Windows\System32\OpenSSH\;C:\Program Files (x86)\NVIDIA Corporation\PhysX\Common;C:\Program Files\NVIDIA Corporation\NVIDIA NvDLISR;C:\WINDOWS\system32;C:\WINDOWS;C:\WINDOWS\System32\Wbem;C:\WINDOWS\System32\WindowsPowerShell\v1.0\;C:\WINDOWS\System32\OpenSSH\;C:\Program Files\Git\cmd;C:\Users\tamta\AppData\Local\Microsoft\WindowsApps;;C:\Users\tamta\AppData\Local\Programs\Microsoft VS Code\bin
14:39:14 [INF][ mforms managed]: Initializing mforms wrapper
14:39:14 [INF][   WBContext UI]: Initializing workbench context UI with these values:
	base dir: C:\Program Files\MySQL\MySQL Workbench 8.0
	plugin path: C:\Program Files\MySQL\MySQL Workbench 8.0
	struct path: 
	module path: C:\Program Files\MySQL\MySQL Workbench 8.0/modules
	library path: C:\Program Files\MySQL\MySQL Workbench 8.0
	user data dir: C:\Users\tamta\AppData\Roaming\MySQL\Workbench
	open at start: 
	open type: 
	run at startup: 
	run type: 
	Force SW rendering: No
	Force OpenGL: No
	quit when done: No
14:39:14 [INF][      WBContext]: WbContext::init
14:39:15 [INF][            WBA]: Looking for extension modules for WBA...
14:39:15 [INF][            WBA]: 0 extension modules found
14:39:15 [WRN][            grt]: Duplicate plugin name wb.tools.cmdlineClient	There is more than one plugin with the name wb.tools.cmdlineClient (in PyWbUtils and PyWbUtils).
14:39:15 [WRN][            grt]: C:\Users\tamta\AppData\Roaming\MySQL\Workbench\connections.xml:27: link '{E21EC1E0-7C08-4260-96BF-06BE862F3ADA}' <object GrtObject> key=owner could not be resolved
14:39:15 [WRN][            grt]: Duplicate plugin name wb.tools.cmdlineClient	There is more than one plugin with the name wb.tools.cmdlineClient (in PyWbUtils and PyWbUtils).
14:39:15 [INF][      WBContext]: System info:
 	MySQL Workbench Community (GPL) for Windows version 8.0.32 CE build 2612062 (64 bit)
	Configuration Directory: C:\Users\tamta\AppData\Roaming\MySQL\Workbench
	Data Directory: C:\Program Files\MySQL\MySQL Workbench 8.0
	Cairo Version: 1.17.6
	OS: Microsoft Windows 10 Home
	CPU: 16x AMD Ryzen 7 5800H with Radeon Graphics         , 31.9 GiB RAM
	Active video adapter NVIDIA GeForce RTX 3070 Laptop GPU
	Installed video RAM: -1 MB
	Current video mode: 2560 x 1600 x 4294967296 colors
	Used bit depth: 32
	Driver version: 31.0.15.3118
	Installed display drivers: C:\WINDOWS\System32\DriverStore\FileRepository\nvlti.inf_amd64_b58fa54b9732141a\nvldumdx.dll,C:\WINDOWS\System32\DriverStore\FileRepository\nvlti.inf_amd64_b58fa54b9732141a\nvldumdx.dll,C:\WINDOWS\System32\DriverStore\FileRepository\nvlti.inf_amd64_b58fa54b9732141a\nvldumdx.dll,C:\WINDOWS\System32\DriverStore\FileRepository\nvlti.inf_amd64_b58fa54b9732141a\nvldumdx.dll
	Current user language: English (United States)

14:39:16 [INF][    WQE backend]: Found auto-save workspace C:\Users\tamta\AppData\Roaming\MySQL\Workbench\sql_workspaces\CS306-1.autosave
14:39:16 [INF][      Workbench]: UI is up
14:39:16 [INF][      Workbench]: Running the application
14:39:17 [INF][SQL Editor Form]: Opened connection 'CS306' to MySQL Community Server - GPL version 8.0.32
14:39:17 [INF][        WQE.net]: Launching SQL IDE
14:39:18 [INF][        WQE.net]: SQL IDE UI is ready
14:39:53 [ERR][wb_admin_control.py:get_config_options:760]: Could not open the file "C:\ProgramData\MySQL\MySQL Server 8.0\my.ini": 'charmap' codec can't decode byte 0x9d in position 3631: character maps to <undefined>
14:39:53 [INF][wb_admin_control.py:query_server_installation_info:860]: Currently connected to MySQL server version '8.0.32', conn status = True, active plugins = ['INNODB_CMP', 'INNODB_BUFFER_POOL_STATS', 'mysqlx_cache_cleaner', 'MRG_MYISAM', 'INNODB_CMPMEM_RESET', 'INNODB_INDEXES', 'ngram', 'MyISAM', 'INNODB_CMP_RESET', 'mysqlx', 'INNODB_FT_BEING_DELETED', 'CSV', 'INNODB_TABLES', 'INNODB_VIRTUAL', 'INNODB_FT_DEFAULT_STOPWORD', 'INNODB_FT_INDEX_TABLE', 'MEMORY', 'mysql_native_password', 'INNODB_TEMP_TABLE_INFO', 'INNODB_BUFFER_PAGE_LRU', 'INNODB_FT_CONFIG', 'InnoDB', 'sha256_password', 'INNODB_CMPMEM', 'caching_sha2_password', 'INNODB_BUFFER_PAGE', 'INNODB_CACHED_INDEXES', 'sha2_cache_cleaner', 'BLACKHOLE', 'daemon_keyring_proxy_plugin', 'INNODB_TABLESPACES', 'INNODB_COLUMNS', 'PERFORMANCE_SCHEMA', 'TempTable', 'INNODB_TRX', 'INNODB_METRICS', 'INNODB_CMP_PER_INDEX', 'INNODB_FT_DELETED', 'INNODB_TABLESTATS', 'ARCHIVE', 'INNODB_FT_INDEX_CACHE', 'INNODB_CMP_PER_INDEX_RESET', 'binlog', 'INNODB_SESSION_TEMP_TABLESPACES']
14:39:53 [INF][wb_admin_config_file_be.py:reload_possible_options:449]: Note! Workbench uses server version '(8, 0, 32)' from the server instance profile. Make the entry empty to auto pick version from the server.
14:40:06 [ERR][wb_admin_control.py:get_config_options:760]: Could not open the file "C:\ProgramData\MySQL\MySQL Server 8.0\my.ini": 'charmap' codec can't decode byte 0x9d in position 3631: character maps to <undefined>
14:40:06 [INF][wb_admin_control.py:query_server_installation_info:860]: Currently connected to MySQL server version '8.0.32', conn status = True, active plugins = ['INNODB_CMP', 'INNODB_BUFFER_POOL_STATS', 'mysqlx_cache_cleaner', 'MRG_MYISAM', 'INNODB_CMPMEM_RESET', 'INNODB_INDEXES', 'ngram', 'MyISAM', 'INNODB_CMP_RESET', 'mysqlx', 'INNODB_FT_BEING_DELETED', 'CSV', 'INNODB_TABLES', 'INNODB_VIRTUAL', 'INNODB_FT_DEFAULT_STOPWORD', 'INNODB_FT_INDEX_TABLE', 'MEMORY', 'mysql_native_password', 'INNODB_TEMP_TABLE_INFO', 'INNODB_BUFFER_PAGE_LRU', 'INNODB_FT_CONFIG', 'InnoDB', 'sha256_password', 'INNODB_CMPMEM', 'caching_sha2_password', 'INNODB_BUFFER_PAGE', 'INNODB_CACHED_INDEXES', 'sha2_cache_cleaner', 'BLACKHOLE', 'daemon_keyring_proxy_plugin', 'INNODB_TABLESPACES', 'INNODB_COLUMNS', 'PERFORMANCE_SCHEMA', 'TempTable', 'INNODB_TRX', 'INNODB_METRICS', 'INNODB_CMP_PER_INDEX', 'INNODB_FT_DELETED', 'INNODB_TABLESTATS', 'ARCHIVE', 'INNODB_FT_INDEX_CACHE', 'INNODB_CMP_PER_INDEX_RESET', 'binlog', 'INNODB_SESSION_TEMP_TABLESPACES']
14:40:06 [INF][wb_admin_config_file_be.py:reload_possible_options:449]: Note! Workbench uses server version '(8, 0, 32)' from the server instance profile. Make the entry empty to auto pick version from the server.
14:41:48 [ERR][wb_admin_control.py:get_config_options:760]: Could not open the file "C:\ProgramData\MySQL\MySQL Server 8.0\my.ini": 'charmap' codec can't decode byte 0x9d in position 3631: character maps to <undefined>
14:41:48 [INF][wb_admin_control.py:query_server_installation_info:860]: Currently connected to MySQL server version '8.0.32', conn status = True, active plugins = ['INNODB_CMP', 'INNODB_BUFFER_POOL_STATS', 'mysqlx_cache_cleaner', 'MRG_MYISAM', 'INNODB_CMPMEM_RESET', 'INNODB_INDEXES', 'ngram', 'MyISAM', 'INNODB_CMP_RESET', 'mysqlx', 'INNODB_FT_BEING_DELETED', 'CSV', 'INNODB_TABLES', 'INNODB_VIRTUAL', 'INNODB_FT_DEFAULT_STOPWORD', 'INNODB_FT_INDEX_TABLE', 'MEMORY', 'mysql_native_password', 'INNODB_TEMP_TABLE_INFO', 'INNODB_BUFFER_PAGE_LRU', 'INNODB_FT_CONFIG', 'InnoDB', 'sha256_password', 'INNODB_CMPMEM', 'caching_sha2_password', 'INNODB_BUFFER_PAGE', 'INNODB_CACHED_INDEXES', 'sha2_cache_cleaner', 'BLACKHOLE', 'daemon_keyring_proxy_plugin', 'INNODB_TABLESPACES', 'INNODB_COLUMNS', 'PERFORMANCE_SCHEMA', 'TempTable', 'INNODB_TRX', 'INNODB_METRICS', 'INNODB_CMP_PER_INDEX', 'INNODB_FT_DELETED', 'INNODB_TABLESTATS', 'ARCHIVE', 'INNODB_FT_INDEX_CACHE', 'INNODB_CMP_PER_INDEX_RESET', 'binlog', 'INNODB_SESSION_TEMP_TABLESPACES']
14:41:48 [INF][wb_admin_config_file_be.py:reload_possible_options:449]: Note! Workbench uses server version '(8, 0, 32)' from the server instance profile. Make the entry empty to auto pick version from the server.
14:42:27 [INF][        WQE.net]: Shutting down SQL editor (CS306)
14:42:30 [INF][      Workbench]: Shutting down Workbench
14:42:30 [INF][ mforms managed]: Shutting down mforms wrapper
14:42:30 [INF][      Workbench]: Done
